<?xml version="1.0" encoding="UTF-8"?>
<!-- Generated by org.testng.reporters.JUnitReportReporter -->
<testsuite hostname="Nkosi" failures="0" tests="1" name="org.dealx.testCases.TC2" time="25.259" errors="0" timestamp="2022-05-21T21:27:57 SAST" skipped="0">
  <testcase classname="org.dealx.testCases.TC2" name="searchQ" time="25.259"/>
  <system-out/>
</testsuite> <!-- org.dealx.testCases.TC2 -->
